<?xml version="1.0" encoding="UTF-8"?>
<!-- Generated by org.testng.reporters.JUnitReportReporter -->
<testsuite hostname="JacobsDesktop" failures="0" tests="8" name="cucumberOptions.TestNGRunner" time="0.082" errors="0" timestamp="2023-12-12T13:54:44 EST" skipped="0">
  <testcase classname="cucumberOptions.TestNGRunner" name="runScenario" time="0.003"/>
  <testcase classname="cucumberOptions.TestNGRunner" name="runScenario" time="0.006"/>
  <testcase classname="cucumberOptions.TestNGRunner" name="runScenario" time="0.009"/>
  <testcase classname="cucumberOptions.TestNGRunner" name="runScenario" time="0.049"/>
  <testcase classname="cucumberOptions.TestNGRunner" name="runScenario" time="0.003"/>
  <testcase classname="cucumberOptions.TestNGRunner" name="runScenario" time="0.005"/>
  <testcase classname="cucumberOptions.TestNGRunner" name="runScenario" time="0.003"/>
  <testcase classname="cucumberOptions.TestNGRunner" name="runScenario" time="0.004"/>
</testsuite> <!-- cucumberOptions.TestNGRunner -->
